<?xml version="1.0" encoding="UTF-8"?>
<!-- Generated by org.testng.reporters.JUnitReportReporter -->
<testsuite skipped="0" hostname="PSAPAC518" name="test.ClemUK_V7" tests="22" failures="0" timestamp="17 Mar 2022 00:38:25 GMT" time="347.233" errors="1">
  <testcase name="login_backend" time="26.887" classname="test.ClemUK_V7"/>
  <testcase name="topMenuItems" time="7.268" classname="test.ClemUK_V7"/>
  <testcase name="jobs" time="18.975" classname="test.ClemUK_V7"/>
  <testcase name="reviewModeJobGrid" time="49.939" classname="test.ClemUK_V7"/>
  <testcase name="JobRequest" time="8.340" classname="test.ClemUK_V7"/>
  <testcase name="CreateaJob" time="29.458" classname="test.ClemUK_V7"/>
  <testcase name="JobSearch" time="10.715" classname="test.ClemUK_V7"/>
  <testcase name="EmailInbox" time="17.364" classname="test.ClemUK_V7"/>
  <testcase name="externalSearch" time="12.360" classname="test.ClemUK_V7"/>
  <testcase name="Interviews" time="11.259" classname="test.ClemUK_V7"/>
  <testcase name="OrbeonForm" time="36.191" classname="test.ClemUK_V7">
    <error type="java.lang.Exception" message="Orbeon form not loading properly">
      <![CDATA[java.lang.Exception: Orbeon form not loading properly
at test.ClemUK_V7.OrbeonForm(ClemUK_V7.java:574)
at sun.reflect.NativeMethodAccessorImpl.invoke0(Native Method)
at sun.reflect.NativeMethodAccessorImpl.invoke(Unknown Source)
at sun.reflect.DelegatingMethodAccessorImpl.invoke(Unknown Source)
at java.lang.reflect.Method.invoke(Unknown Source)
at org.testng.internal.MethodInvocationHelper.invokeMethod(MethodInvocationHelper.java:124)
at org.testng.internal.Invoker.invokeMethod(Invoker.java:583)
at org.testng.internal.Invoker.invokeTestMethod(Invoker.java:719)
at org.testng.internal.Invoker.invokeTestMethods(Invoker.java:989)
at org.testng.internal.TestMethodWorker.invokeTestMethods(TestMethodWorker.java:125)
at org.testng.internal.TestMethodWorker.run(TestMethodWorker.java:109)
at org.testng.TestRunner.privateRun(TestRunner.java:648)
at org.testng.TestRunner.run(TestRunner.java:505)
at org.testng.SuiteRunner.runTest(SuiteRunner.java:455)
at org.testng.SuiteRunner.runSequentially(SuiteRunner.java:450)
at org.testng.SuiteRunner.privateRun(SuiteRunner.java:415)
at org.testng.SuiteRunner.run(SuiteRunner.java:364)
at org.testng.SuiteRunnerWorker.runSuite(SuiteRunnerWorker.java:52)
at org.testng.SuiteRunnerWorker.run(SuiteRunnerWorker.java:84)
at org.testng.TestNG.runSuitesSequentially(TestNG.java:1208)
at org.testng.TestNG.runSuitesLocally(TestNG.java:1137)
at org.testng.TestNG.runSuites(TestNG.java:1049)
at org.testng.TestNG.run(TestNG.java:1017)
at org.testng.remote.AbstractRemoteTestNG.run(AbstractRemoteTestNG.java:115)
at org.testng.remote.RemoteTestNG.initAndRun(RemoteTestNG.java:251)
at org.testng.remote.RemoteTestNG.main(RemoteTestNG.java:77)
]]>
    </error>
  </testcase> <!-- OrbeonForm -->
  <testcase name="Campaigns" time="8.006" classname="test.ClemUK_V7"/>
  <testcase name="Tasks" time="7.728" classname="test.ClemUK_V7"/>
  <testcase name="FormsManagement" time="31.642" classname="test.ClemUK_V7"/>
  <testcase name="Holiday" time="10.204" classname="test.ClemUK_V7"/>
  <testcase name="Locations" time="4.650" classname="test.ClemUK_V7"/>
  <testcase name="TalentFolderProcesses" time="4.272" classname="test.ClemUK_V7"/>
  <testcase name="ProcessDesigner" time="8.370" classname="test.ClemUK_V7"/>
  <testcase name="EmailQueueAdmin" time="6.306" classname="test.ClemUK_V7"/>
  <testcase name="DocumentTemplates" time="9.853" classname="test.ClemUK_V7"/>
  <testcase name="delete_candidate" time="13.060" classname="test.ClemUK_V7"/>
  <testcase name="Companies" time="14.386" classname="test.ClemUK_V7"/>
</testsuite> <!-- test.ClemUK_V7 -->
