<?xml version="1.0" encoding="UTF-8"?>
<!-- Generated by org.testng.reporters.JUnitReportReporter -->
<testsuite skipped="0" hostname="PSAPAC518" name="test.Sales_V7" tests="24" failures="0" timestamp="07 Dec 2021 08:16:31 GMT" time="305.415" errors="3">
  <testcase name="login_backend" time="20.859" classname="test.Sales_V7"/>
  <testcase name="topMenuItems" time="5.372" classname="test.Sales_V7"/>
  <testcase name="jobs" time="19.231" classname="test.Sales_V7"/>
  <testcase name="reviewModeJobGrid" time="46.249" classname="test.Sales_V7">
    <error type="java.lang.Exception" message="DOCUMENTS tab not working">
      <![CDATA[java.lang.Exception: DOCUMENTS tab not working
at test.Sales_V7.reviewModeJobGrid(Sales_V7.java:340)
at sun.reflect.NativeMethodAccessorImpl.invoke0(Native Method)
at sun.reflect.NativeMethodAccessorImpl.invoke(Unknown Source)
at sun.reflect.DelegatingMethodAccessorImpl.invoke(Unknown Source)
at java.lang.reflect.Method.invoke(Unknown Source)
at org.testng.internal.MethodInvocationHelper.invokeMethod(MethodInvocationHelper.java:124)
at org.testng.internal.Invoker.invokeMethod(Invoker.java:583)
at org.testng.internal.Invoker.invokeTestMethod(Invoker.java:719)
at org.testng.internal.Invoker.invokeTestMethods(Invoker.java:989)
at org.testng.internal.TestMethodWorker.invokeTestMethods(TestMethodWorker.java:125)
at org.testng.internal.TestMethodWorker.run(TestMethodWorker.java:109)
at org.testng.TestRunner.privateRun(TestRunner.java:648)
at org.testng.TestRunner.run(TestRunner.java:505)
at org.testng.SuiteRunner.runTest(SuiteRunner.java:455)
at org.testng.SuiteRunner.runSequentially(SuiteRunner.java:450)
at org.testng.SuiteRunner.privateRun(SuiteRunner.java:415)
at org.testng.SuiteRunner.run(SuiteRunner.java:364)
at org.testng.SuiteRunnerWorker.runSuite(SuiteRunnerWorker.java:52)
at org.testng.SuiteRunnerWorker.run(SuiteRunnerWorker.java:84)
at org.testng.TestNG.runSuitesSequentially(TestNG.java:1208)
at org.testng.TestNG.runSuitesLocally(TestNG.java:1137)
at org.testng.TestNG.runSuites(TestNG.java:1049)
at org.testng.TestNG.run(TestNG.java:1017)
at org.testng.remote.AbstractRemoteTestNG.run(AbstractRemoteTestNG.java:115)
at org.testng.remote.RemoteTestNG.initAndRun(RemoteTestNG.java:251)
at org.testng.remote.RemoteTestNG.main(RemoteTestNG.java:77)
]]>
    </error>
  </testcase> <!-- reviewModeJobGrid -->
  <testcase name="CreateaJob" time="18.253" classname="test.Sales_V7"/>
  <testcase name="JobSearch" time="7.047" classname="test.Sales_V7"/>
  <testcase name="JobRequest" time="5.964" classname="test.Sales_V7"/>
  <testcase name="CandidateSearch" time="11.667" classname="test.Sales_V7"/>
  <testcase name="EmailInbox" time="29.362" classname="test.Sales_V7">
    <error type="java.lang.Exception" message="Email Inbox page not loading properly">
      <![CDATA[java.lang.Exception: Email Inbox page not loading properly
at test.Sales_V7.EmailInbox(Sales_V7.java:524)
at sun.reflect.NativeMethodAccessorImpl.invoke0(Native Method)
at sun.reflect.NativeMethodAccessorImpl.invoke(Unknown Source)
at sun.reflect.DelegatingMethodAccessorImpl.invoke(Unknown Source)
at java.lang.reflect.Method.invoke(Unknown Source)
at org.testng.internal.MethodInvocationHelper.invokeMethod(MethodInvocationHelper.java:124)
at org.testng.internal.Invoker.invokeMethod(Invoker.java:583)
at org.testng.internal.Invoker.invokeTestMethod(Invoker.java:719)
at org.testng.internal.Invoker.invokeTestMethods(Invoker.java:989)
at org.testng.internal.TestMethodWorker.invokeTestMethods(TestMethodWorker.java:125)
at org.testng.internal.TestMethodWorker.run(TestMethodWorker.java:109)
at org.testng.TestRunner.privateRun(TestRunner.java:648)
at org.testng.TestRunner.run(TestRunner.java:505)
at org.testng.SuiteRunner.runTest(SuiteRunner.java:455)
at org.testng.SuiteRunner.runSequentially(SuiteRunner.java:450)
at org.testng.SuiteRunner.privateRun(SuiteRunner.java:415)
at org.testng.SuiteRunner.run(SuiteRunner.java:364)
at org.testng.SuiteRunnerWorker.runSuite(SuiteRunnerWorker.java:52)
at org.testng.SuiteRunnerWorker.run(SuiteRunnerWorker.java:84)
at org.testng.TestNG.runSuitesSequentially(TestNG.java:1208)
at org.testng.TestNG.runSuitesLocally(TestNG.java:1137)
at org.testng.TestNG.runSuites(TestNG.java:1049)
at org.testng.TestNG.run(TestNG.java:1017)
at org.testng.remote.AbstractRemoteTestNG.run(AbstractRemoteTestNG.java:115)
at org.testng.remote.RemoteTestNG.initAndRun(RemoteTestNG.java:251)
at org.testng.remote.RemoteTestNG.main(RemoteTestNG.java:77)
]]>
    </error>
  </testcase> <!-- EmailInbox -->
  <testcase name="externalSearch" time="14.614" classname="test.Sales_V7"/>
  <testcase name="Interviews" time="7.123" classname="test.Sales_V7"/>
  <testcase name="Companies" time="9.038" classname="test.Sales_V7"/>
  <testcase name="EmailQueueAdmin" time="6.260" classname="test.Sales_V7"/>
  <testcase name="DocumentTemplates" time="4.185" classname="test.Sales_V7">
    <error type="java.lang.Exception" message="Document Template page not loading properly">
      <![CDATA[java.lang.Exception: Document Template page not loading properly
at test.Sales_V7.DocumentTemplates(Sales_V7.java:657)
at sun.reflect.NativeMethodAccessorImpl.invoke0(Native Method)
at sun.reflect.NativeMethodAccessorImpl.invoke(Unknown Source)
at sun.reflect.DelegatingMethodAccessorImpl.invoke(Unknown Source)
at java.lang.reflect.Method.invoke(Unknown Source)
at org.testng.internal.MethodInvocationHelper.invokeMethod(MethodInvocationHelper.java:124)
at org.testng.internal.Invoker.invokeMethod(Invoker.java:583)
at org.testng.internal.Invoker.invokeTestMethod(Invoker.java:719)
at org.testng.internal.Invoker.invokeTestMethods(Invoker.java:989)
at org.testng.internal.TestMethodWorker.invokeTestMethods(TestMethodWorker.java:125)
at org.testng.internal.TestMethodWorker.run(TestMethodWorker.java:109)
at org.testng.TestRunner.privateRun(TestRunner.java:648)
at org.testng.TestRunner.run(TestRunner.java:505)
at org.testng.SuiteRunner.runTest(SuiteRunner.java:455)
at org.testng.SuiteRunner.runSequentially(SuiteRunner.java:450)
at org.testng.SuiteRunner.privateRun(SuiteRunner.java:415)
at org.testng.SuiteRunner.run(SuiteRunner.java:364)
at org.testng.SuiteRunnerWorker.runSuite(SuiteRunnerWorker.java:52)
at org.testng.SuiteRunnerWorker.run(SuiteRunnerWorker.java:84)
at org.testng.TestNG.runSuitesSequentially(TestNG.java:1208)
at org.testng.TestNG.runSuitesLocally(TestNG.java:1137)
at org.testng.TestNG.runSuites(TestNG.java:1049)
at org.testng.TestNG.run(TestNG.java:1017)
at org.testng.remote.AbstractRemoteTestNG.run(AbstractRemoteTestNG.java:115)
at org.testng.remote.RemoteTestNG.initAndRun(RemoteTestNG.java:251)
at org.testng.remote.RemoteTestNG.main(RemoteTestNG.java:77)
]]>
    </error>
  </testcase> <!-- DocumentTemplates -->
  <testcase name="OrbeonForm" time="10.325" classname="test.Sales_V7"/>
  <testcase name="Campaigns" time="8.055" classname="test.Sales_V7"/>
  <testcase name="Tasks" time="3.835" classname="test.Sales_V7"/>
  <testcase name="FormsManagement" time="27.787" classname="test.Sales_V7"/>
  <testcase name="Holiday" time="17.077" classname="test.Sales_V7"/>
  <testcase name="Locations" time="2.414" classname="test.Sales_V7"/>
  <testcase name="TalentFolderProcesses" time="2.979" classname="test.Sales_V7"/>
  <testcase name="ProcessDesigner" time="13.296" classname="test.Sales_V7"/>
  <testcase name="FormsAndFrontEndAdmin" time="4.064" classname="test.Sales_V7"/>
  <testcase name="delete_candidate" time="10.359" classname="test.Sales_V7"/>
</testsuite> <!-- test.Sales_V7 -->
