<?xml version="1.0" encoding="UTF-8"?>
<!-- Generated by org.testng.reporters.JUnitReportReporter -->
<testsuite skipped="1" hostname="PSAPAC518" name="test.UAT_sales" tests="24" failures="0" timestamp="30 Mar 2022 00:12:21 GMT" time="215.074" errors="1">
  <testcase name="login_backend" time="12.355" classname="test.UAT_sales"/>
  <testcase name="topMenuItems" time="4.735" classname="test.UAT_sales"/>
  <testcase name="jobs" time="10.269" classname="test.UAT_sales"/>
  <testcase name="reviewModeJobGrid" time="27.254" classname="test.UAT_sales"/>
  <testcase name="JobSearch" time="7.597" classname="test.UAT_sales"/>
  <testcase name="JobRequest" time="3.728" classname="test.UAT_sales"/>
  <testcase name="CandidateSearch" time="9.101" classname="test.UAT_sales"/>
  <testcase name="EmailInbox" time="12.866" classname="test.UAT_sales"/>
  <testcase name="externalSearch" time="7.255" classname="test.UAT_sales"/>
  <testcase name="Interviews" time="5.911" classname="test.UAT_sales"/>
  <testcase name="Companies" time="8.453" classname="test.UAT_sales"/>
  <testcase name="EmailQueueAdmin" time="6.318" classname="test.UAT_sales"/>
  <testcase name="DocumentTemplates" time="5.315" classname="test.UAT_sales"/>
  <testcase name="OrbeonForm" time="30.609" classname="test.UAT_sales">
    <error type="java.lang.Exception" message="Orbeon form not loading properly">
      <![CDATA[java.lang.Exception: Orbeon form not loading properly
at test.UAT_sales.OrbeonForm(UAT_sales.java:684)
at sun.reflect.NativeMethodAccessorImpl.invoke0(Native Method)
at sun.reflect.NativeMethodAccessorImpl.invoke(Unknown Source)
at sun.reflect.DelegatingMethodAccessorImpl.invoke(Unknown Source)
at java.lang.reflect.Method.invoke(Unknown Source)
at org.testng.internal.MethodInvocationHelper.invokeMethod(MethodInvocationHelper.java:124)
at org.testng.internal.Invoker.invokeMethod(Invoker.java:583)
at org.testng.internal.Invoker.invokeTestMethod(Invoker.java:719)
at org.testng.internal.Invoker.invokeTestMethods(Invoker.java:989)
at org.testng.internal.TestMethodWorker.invokeTestMethods(TestMethodWorker.java:125)
at org.testng.internal.TestMethodWorker.run(TestMethodWorker.java:109)
at org.testng.TestRunner.privateRun(TestRunner.java:648)
at org.testng.TestRunner.run(TestRunner.java:505)
at org.testng.SuiteRunner.runTest(SuiteRunner.java:455)
at org.testng.SuiteRunner.runSequentially(SuiteRunner.java:450)
at org.testng.SuiteRunner.privateRun(SuiteRunner.java:415)
at org.testng.SuiteRunner.run(SuiteRunner.java:364)
at org.testng.SuiteRunnerWorker.runSuite(SuiteRunnerWorker.java:52)
at org.testng.SuiteRunnerWorker.run(SuiteRunnerWorker.java:84)
at org.testng.TestNG.runSuitesSequentially(TestNG.java:1208)
at org.testng.TestNG.runSuitesLocally(TestNG.java:1137)
at org.testng.TestNG.runSuites(TestNG.java:1049)
at org.testng.TestNG.run(TestNG.java:1017)
at org.testng.remote.AbstractRemoteTestNG.run(AbstractRemoteTestNG.java:115)
at org.testng.remote.RemoteTestNG.initAndRun(RemoteTestNG.java:251)
at org.testng.remote.RemoteTestNG.main(RemoteTestNG.java:77)
]]>
    </error>
  </testcase> <!-- OrbeonForm -->
  <testcase name="Campaigns" time="3.807" classname="test.UAT_sales"/>
  <testcase name="Tasks" time="3.280" classname="test.UAT_sales"/>
  <testcase name="FormsManagement" time="22.358" classname="test.UAT_sales"/>
  <testcase name="Holiday" time="4.436" classname="test.UAT_sales"/>
  <testcase name="Locations" time="2.194" classname="test.UAT_sales"/>
  <testcase name="TalentFolderProcesses" time="2.726" classname="test.UAT_sales"/>
  <testcase name="ProcessDesigner" time="9.215" classname="test.UAT_sales"/>
  <testcase name="FormsAndFrontEndAdmin" time="5.002" classname="test.UAT_sales"/>
  <testcase name="delete_candidate" time="10.290" classname="test.UAT_sales"/>
  <testcase name="CreateaJob" classname="test.UAT_sales">
    <skipped/>
  </testcase> <!-- CreateaJob -->
</testsuite> <!-- test.UAT_sales -->
