<?xml version="1.0" encoding="UTF-8"?>
<!-- Generated by org.testng.reporters.JUnitReportReporter -->
<testsuite skipped="2" hostname="PSAPAC518" name="test.qaSales_V7" tests="23" failures="0" timestamp="11 Jan 2022 21:55:00 GMT" time="275.821" errors="3">
  <testcase name="login_backend" time="15.337" classname="test.qaSales_V7"/>
  <testcase name="jobs" time="25.835" classname="test.qaSales_V7"/>
  <testcase name="reviewModeJobGrid" time="24.561" classname="test.qaSales_V7"/>
  <testcase name="JobSearch" time="7.112" classname="test.qaSales_V7"/>
  <testcase name="EmailInbox" time="8.437" classname="test.qaSales_V7"/>
  <testcase name="CandidateSearch" time="9.647" classname="test.qaSales_V7"/>
  <testcase name="externalSearch" time="7.251" classname="test.qaSales_V7"/>
  <testcase name="Interviews" time="8.076" classname="test.qaSales_V7"/>
  <testcase name="Companies" time="8.956" classname="test.qaSales_V7"/>
  <testcase name="EmailQueueAdmin" time="6.244" classname="test.qaSales_V7"/>
  <testcase name="DocumentTemplates" time="7.416" classname="test.qaSales_V7"/>
  <testcase name="OrbeonForm" time="11.703" classname="test.qaSales_V7"/>
  <testcase name="Campaigns" time="27.171" classname="test.qaSales_V7">
    <error type="java.lang.Exception" message="Campaigns page not loading properly">
      <![CDATA[java.lang.Exception: Campaigns page not loading properly
at test.qaSales_V7.Campaigns(qaSales_V7.java:644)
at sun.reflect.NativeMethodAccessorImpl.invoke0(Native Method)
at sun.reflect.NativeMethodAccessorImpl.invoke(Unknown Source)
at sun.reflect.DelegatingMethodAccessorImpl.invoke(Unknown Source)
at java.lang.reflect.Method.invoke(Unknown Source)
at org.testng.internal.MethodInvocationHelper.invokeMethod(MethodInvocationHelper.java:124)
at org.testng.internal.Invoker.invokeMethod(Invoker.java:583)
at org.testng.internal.Invoker.invokeTestMethod(Invoker.java:719)
at org.testng.internal.Invoker.invokeTestMethods(Invoker.java:989)
at org.testng.internal.TestMethodWorker.invokeTestMethods(TestMethodWorker.java:125)
at org.testng.internal.TestMethodWorker.run(TestMethodWorker.java:109)
at org.testng.TestRunner.privateRun(TestRunner.java:648)
at org.testng.TestRunner.run(TestRunner.java:505)
at org.testng.SuiteRunner.runTest(SuiteRunner.java:455)
at org.testng.SuiteRunner.runSequentially(SuiteRunner.java:450)
at org.testng.SuiteRunner.privateRun(SuiteRunner.java:415)
at org.testng.SuiteRunner.run(SuiteRunner.java:364)
at org.testng.SuiteRunnerWorker.runSuite(SuiteRunnerWorker.java:52)
at org.testng.SuiteRunnerWorker.run(SuiteRunnerWorker.java:84)
at org.testng.TestNG.runSuitesSequentially(TestNG.java:1208)
at org.testng.TestNG.runSuitesLocally(TestNG.java:1137)
at org.testng.TestNG.runSuites(TestNG.java:1049)
at org.testng.TestNG.run(TestNG.java:1017)
at org.testng.remote.AbstractRemoteTestNG.run(AbstractRemoteTestNG.java:115)
at org.testng.remote.RemoteTestNG.initAndRun(RemoteTestNG.java:251)
at org.testng.remote.RemoteTestNG.main(RemoteTestNG.java:77)
]]>
    </error>
  </testcase> <!-- Campaigns -->
  <testcase name="Tasks" time="3.301" classname="test.qaSales_V7"/>
  <testcase name="FormsManagement" time="27.373" classname="test.qaSales_V7"/>
  <testcase name="Holiday" time="4.449" classname="test.qaSales_V7"/>
  <testcase name="Locations" time="4.989" classname="test.qaSales_V7"/>
  <testcase name="TalentFolderProcesses" time="2.249" classname="test.qaSales_V7"/>
  <testcase name="ProcessDesigner" time="5.149" classname="test.qaSales_V7"/>
  <testcase name="FormsAndFrontEndAdmin" time="28.186" classname="test.qaSales_V7">
    <error type="java.lang.Exception" message="Forms and Front-End Admin  page not loading properly">
      <![CDATA[java.lang.Exception: Forms and Front-End Admin  page not loading properly
at test.qaSales_V7.FormsAndFrontEndAdmin(qaSales_V7.java:830)
at sun.reflect.NativeMethodAccessorImpl.invoke0(Native Method)
at sun.reflect.NativeMethodAccessorImpl.invoke(Unknown Source)
at sun.reflect.DelegatingMethodAccessorImpl.invoke(Unknown Source)
at java.lang.reflect.Method.invoke(Unknown Source)
at org.testng.internal.MethodInvocationHelper.invokeMethod(MethodInvocationHelper.java:124)
at org.testng.internal.Invoker.invokeMethod(Invoker.java:583)
at org.testng.internal.Invoker.invokeTestMethod(Invoker.java:719)
at org.testng.internal.Invoker.invokeTestMethods(Invoker.java:989)
at org.testng.internal.TestMethodWorker.invokeTestMethods(TestMethodWorker.java:125)
at org.testng.internal.TestMethodWorker.run(TestMethodWorker.java:109)
at org.testng.TestRunner.privateRun(TestRunner.java:648)
at org.testng.TestRunner.run(TestRunner.java:505)
at org.testng.SuiteRunner.runTest(SuiteRunner.java:455)
at org.testng.SuiteRunner.runSequentially(SuiteRunner.java:450)
at org.testng.SuiteRunner.privateRun(SuiteRunner.java:415)
at org.testng.SuiteRunner.run(SuiteRunner.java:364)
at org.testng.SuiteRunnerWorker.runSuite(SuiteRunnerWorker.java:52)
at org.testng.SuiteRunnerWorker.run(SuiteRunnerWorker.java:84)
at org.testng.TestNG.runSuitesSequentially(TestNG.java:1208)
at org.testng.TestNG.runSuitesLocally(TestNG.java:1137)
at org.testng.TestNG.runSuites(TestNG.java:1049)
at org.testng.TestNG.run(TestNG.java:1017)
at org.testng.remote.AbstractRemoteTestNG.run(AbstractRemoteTestNG.java:115)
at org.testng.remote.RemoteTestNG.initAndRun(RemoteTestNG.java:251)
at org.testng.remote.RemoteTestNG.main(RemoteTestNG.java:77)
]]>
    </error>
  </testcase> <!-- FormsAndFrontEndAdmin -->
  <testcase name="delete_candidate" time="32.379" classname="test.qaSales_V7">
    <error type="javax.security.auth.login.FailedLoginException" message="Candidate Delete Not Successfull!">
      <![CDATA[javax.security.auth.login.FailedLoginException: Candidate Delete Not Successfull!
at test.qaSales_V7.delete_candidate(qaSales_V7.java:951)
at sun.reflect.NativeMethodAccessorImpl.invoke0(Native Method)
at sun.reflect.NativeMethodAccessorImpl.invoke(Unknown Source)
at sun.reflect.DelegatingMethodAccessorImpl.invoke(Unknown Source)
at java.lang.reflect.Method.invoke(Unknown Source)
at org.testng.internal.MethodInvocationHelper.invokeMethod(MethodInvocationHelper.java:124)
at org.testng.internal.Invoker.invokeMethod(Invoker.java:583)
at org.testng.internal.Invoker.invokeTestMethod(Invoker.java:719)
at org.testng.internal.Invoker.invokeTestMethods(Invoker.java:989)
at org.testng.internal.TestMethodWorker.invokeTestMethods(TestMethodWorker.java:125)
at org.testng.internal.TestMethodWorker.run(TestMethodWorker.java:109)
at org.testng.TestRunner.privateRun(TestRunner.java:648)
at org.testng.TestRunner.run(TestRunner.java:505)
at org.testng.SuiteRunner.runTest(SuiteRunner.java:455)
at org.testng.SuiteRunner.runSequentially(SuiteRunner.java:450)
at org.testng.SuiteRunner.privateRun(SuiteRunner.java:415)
at org.testng.SuiteRunner.run(SuiteRunner.java:364)
at org.testng.SuiteRunnerWorker.runSuite(SuiteRunnerWorker.java:52)
at org.testng.SuiteRunnerWorker.run(SuiteRunnerWorker.java:84)
at org.testng.TestNG.runSuitesSequentially(TestNG.java:1208)
at org.testng.TestNG.runSuitesLocally(TestNG.java:1137)
at org.testng.TestNG.runSuites(TestNG.java:1049)
at org.testng.TestNG.run(TestNG.java:1017)
at org.testng.remote.AbstractRemoteTestNG.run(AbstractRemoteTestNG.java:115)
at org.testng.remote.RemoteTestNG.initAndRun(RemoteTestNG.java:251)
at org.testng.remote.RemoteTestNG.main(RemoteTestNG.java:77)
]]>
    </error>
  </testcase> <!-- delete_candidate -->
  <testcase name="CreateaJob" classname="test.qaSales_V7">
    <skipped/>
  </testcase> <!-- CreateaJob -->
  <testcase name="topMenuItems" classname="test.qaSales_V7">
    <skipped/>
  </testcase> <!-- topMenuItems -->
</testsuite> <!-- test.qaSales_V7 -->
