<?xml version="1.0" encoding="UTF-8"?>
<!-- Generated by org.testng.reporters.JUnitReportReporter -->
<testsuite skipped="0" hostname="PSAPAC518" name="test.SalesQA" tests="24" failures="0" timestamp="09 Sep 2019 04:18:26 GMT" time="74.371" errors="1">
  <testcase name="login_backend" time="8.023" classname="test.SalesQA"/>
  <testcase name="JobTab" time="9.012" classname="test.SalesQA"/>
  <testcase name="Excperience_Tab" time="11.747" classname="test.SalesQA"/>
  <testcase name="externalSearch" time="2.924" classname="test.SalesQA"/>
  <testcase name="mailInbox" time="2.326" classname="test.SalesQA">
    <error type="javax.security.auth.login.FailedLoginException" message="Email Inbox Page Is Broken">
      <![CDATA[javax.security.auth.login.FailedLoginException: Email Inbox Page Is Broken
at test.SalesQA.mailInbox(SalesQA.java:179)
at sun.reflect.NativeMethodAccessorImpl.invoke0(Native Method)
at sun.reflect.NativeMethodAccessorImpl.invoke(Unknown Source)
at sun.reflect.DelegatingMethodAccessorImpl.invoke(Unknown Source)
at java.lang.reflect.Method.invoke(Unknown Source)
at org.testng.internal.MethodInvocationHelper.invokeMethod(MethodInvocationHelper.java:124)
at org.testng.internal.Invoker.invokeMethod(Invoker.java:583)
at org.testng.internal.Invoker.invokeTestMethod(Invoker.java:719)
at org.testng.internal.Invoker.invokeTestMethods(Invoker.java:989)
at org.testng.internal.TestMethodWorker.invokeTestMethods(TestMethodWorker.java:125)
at org.testng.internal.TestMethodWorker.run(TestMethodWorker.java:109)
at org.testng.TestRunner.privateRun(TestRunner.java:648)
at org.testng.TestRunner.run(TestRunner.java:505)
at org.testng.SuiteRunner.runTest(SuiteRunner.java:455)
at org.testng.SuiteRunner.runSequentially(SuiteRunner.java:450)
at org.testng.SuiteRunner.privateRun(SuiteRunner.java:415)
at org.testng.SuiteRunner.run(SuiteRunner.java:364)
at org.testng.SuiteRunnerWorker.runSuite(SuiteRunnerWorker.java:52)
at org.testng.SuiteRunnerWorker.run(SuiteRunnerWorker.java:84)
at org.testng.TestNG.runSuitesSequentially(TestNG.java:1208)
at org.testng.TestNG.runSuitesLocally(TestNG.java:1137)
at org.testng.TestNG.runSuites(TestNG.java:1049)
at org.testng.TestNG.run(TestNG.java:1017)
at org.testng.remote.AbstractRemoteTestNG.run(AbstractRemoteTestNG.java:115)
at org.testng.remote.RemoteTestNG.initAndRun(RemoteTestNG.java:251)
at org.testng.remote.RemoteTestNG.main(RemoteTestNG.java:77)
]]>
    </error>
  </testcase> <!-- mailInbox -->
  <testcase name="Interviews" time="1.976" classname="test.SalesQA"/>
  <testcase name="jobRequest" time="0.651" classname="test.SalesQA"/>
  <testcase name="Companies" time="0.891" classname="test.SalesQA"/>
  <testcase name="Campaigns" time="2.605" classname="test.SalesQA"/>
  <testcase name="boardsManagement" time="2.193" classname="test.SalesQA"/>
  <testcase name="RTFTemplateAdmin" time="4.294" classname="test.SalesQA"/>
  <testcase name="DownloadRTFTemplateBuilder" time="1.090" classname="test.SalesQA"/>
  <testcase name="TalentFolderProcessesr" time="2.296" classname="test.SalesQA"/>
  <testcase name="Broadcasts" time="2.078" classname="test.SalesQA"/>
  <testcase name="Locations" time="1.131" classname="test.SalesQA"/>
  <testcase name="InterviewAutoCommunication" time="1.119" classname="test.SalesQA"/>
  <testcase name="GridColumns" time="1.073" classname="test.SalesQA"/>
  <testcase name="HiringManagerFeedback" time="1.134" classname="test.SalesQA"/>
  <testcase name="ApplicationAdmin" time="1.107" classname="test.SalesQA"/>
  <testcase name="Holiday" time="1.107" classname="test.SalesQA"/>
  <testcase name="EmailQueueManagement" time="2.490" classname="test.SalesQA"/>
  <testcase name="Orbeon" time="5.177" classname="test.SalesQA"/>
  <testcase name="DocumentTemplates" time="3.467" classname="test.SalesQA"/>
  <testcase name="Formssearch" time="4.460" classname="test.SalesQA"/>
</testsuite> <!-- test.SalesQA -->
